[debug] [2020-12-02T08:25:00.778Z] ----------------------------------------------------------------------
[debug] [2020-12-02T08:25:00.780Z] Command:       /usr/local/bin/node /Users/learner/Documents/PersonalWorkSpace/SpaceXAssignment/node_modules/.bin/firebase deploy
[debug] [2020-12-02T08:25:00.780Z] CLI Version:   8.16.2
[debug] [2020-12-02T08:25:00.780Z] Platform:      darwin
[debug] [2020-12-02T08:25:00.780Z] Node Version:  v12.16.1
[debug] [2020-12-02T08:25:00.781Z] Time:          Wed Dec 02 2020 13:55:00 GMT+0530 (India Standard Time)
[debug] [2020-12-02T08:25:00.781Z] ----------------------------------------------------------------------
[debug] [2020-12-02T08:25:00.781Z] 
[debug] [2020-12-02T08:25:00.787Z] > command requires scopes: ["email","openid","https://www.googleapis.com/auth/cloudplatformprojects.readonly","https://www.googleapis.com/auth/firebase","https://www.googleapis.com/auth/cloud-platform"]
[debug] [2020-12-02T08:25:00.788Z] > authorizing via signed-in user
[debug] [2020-12-02T08:25:00.788Z] [iam] checking project spacex-41a5c for permissions ["firebase.projects.get","firebasehosting.sites.update"]
[debug] [2020-12-02T08:25:00.790Z] > refreshing access token with scopes: ["email","https://www.googleapis.com/auth/cloud-platform","https://www.googleapis.com/auth/cloudplatformprojects.readonly","https://www.googleapis.com/auth/firebase","openid"]
[debug] [2020-12-02T08:25:00.790Z] >>> HTTP REQUEST POST https://www.googleapis.com/oauth2/v3/token  
 <request body omitted>
[debug] [2020-12-02T08:26:09.138Z] ----------------------------------------------------------------------
[debug] [2020-12-02T08:26:09.139Z] Command:       /usr/local/bin/node /Users/learner/Documents/PersonalWorkSpace/SpaceXAssignment/node_modules/.bin/firebase deploy --debug
[debug] [2020-12-02T08:26:09.140Z] CLI Version:   8.16.2
[debug] [2020-12-02T08:26:09.140Z] Platform:      darwin
[debug] [2020-12-02T08:26:09.140Z] Node Version:  v12.16.1
[debug] [2020-12-02T08:26:09.140Z] Time:          Wed Dec 02 2020 13:56:09 GMT+0530 (India Standard Time)
[debug] [2020-12-02T08:26:09.141Z] ----------------------------------------------------------------------
[debug] [2020-12-02T08:26:09.141Z] 
[debug] [2020-12-02T08:26:09.148Z] > command requires scopes: ["email","openid","https://www.googleapis.com/auth/cloudplatformprojects.readonly","https://www.googleapis.com/auth/firebase","https://www.googleapis.com/auth/cloud-platform"]
[debug] [2020-12-02T08:26:09.150Z] > authorizing via signed-in user
[debug] [2020-12-02T08:26:09.150Z] [iam] checking project spacex-41a5c for permissions ["firebase.projects.get","firebasehosting.sites.update"]
[debug] [2020-12-02T08:26:09.154Z] > refreshing access token with scopes: ["email","https://www.googleapis.com/auth/cloud-platform","https://www.googleapis.com/auth/cloudplatformprojects.readonly","https://www.googleapis.com/auth/firebase","openid"]
[debug] [2020-12-02T08:26:09.155Z] >>> HTTP REQUEST POST https://www.googleapis.com/oauth2/v3/token  
 <request body omitted>
[debug] [2020-12-02T08:26:09.339Z] <<< HTTP RESPONSE 200 {"pragma":"no-cache","expires":"Mon, 01 Jan 1990 00:00:00 GMT","cache-control":"no-cache, no-store, max-age=0, must-revalidate","date":"Wed, 02 Dec 2020 08:26:09 GMT","content-type":"application/json; charset=utf-8","vary":"X-Origin, Referer, Origin,Accept-Encoding","server":"scaffolding on HTTPServer2","x-xss-protection":"0","x-frame-options":"SAMEORIGIN","x-content-type-options":"nosniff","alt-svc":"h3-29=\":443\"; ma=2592000,h3-T051=\":443\"; ma=2592000,h3-Q050=\":443\"; ma=2592000,h3-Q046=\":443\"; ma=2592000,h3-Q043=\":443\"; ma=2592000,quic=\":443\"; ma=2592000; v=\"46,43\"","accept-ranges":"none","transfer-encoding":"chunked"}
[debug] [2020-12-02T08:26:09.349Z] >>> HTTP REQUEST POST https://cloudresourcemanager.googleapis.com/v1/projects/spacex-41a5c:testIamPermissions  
 {"permissions":["firebase.projects.get","firebasehosting.sites.update"]}
[debug] [2020-12-02T08:26:10.790Z] <<< HTTP RESPONSE 200 {"content-type":"application/json; charset=UTF-8","vary":"X-Origin, Referer, Origin,Accept-Encoding","date":"Wed, 02 Dec 2020 08:26:10 GMT","server":"ESF","cache-control":"private","x-xss-protection":"0","x-frame-options":"SAMEORIGIN","x-content-type-options":"nosniff","server-timing":"gfet4t7; dur=1253","alt-svc":"h3-29=\":443\"; ma=2592000,h3-T051=\":443\"; ma=2592000,h3-Q050=\":443\"; ma=2592000,h3-Q046=\":443\"; ma=2592000,h3-Q043=\":443\"; ma=2592000,quic=\":443\"; ma=2592000; v=\"46,43\"","accept-ranges":"none","transfer-encoding":"chunked"}
[debug] [2020-12-02T08:26:10.792Z] >>> HTTP REQUEST GET https://firebase.googleapis.com/v1beta1/projects/spacex-41a5c  
 
[debug] [2020-12-02T08:26:11.824Z] <<< HTTP RESPONSE 200 {"content-type":"application/json; charset=UTF-8","vary":"X-Origin, Referer, Origin,Accept-Encoding","date":"Wed, 02 Dec 2020 08:26:11 GMT","server":"ESF","cache-control":"private","x-xss-protection":"0","x-frame-options":"SAMEORIGIN","x-content-type-options":"nosniff","alt-svc":"h3-29=\":443\"; ma=2592000,h3-T051=\":443\"; ma=2592000,h3-Q050=\":443\"; ma=2592000,h3-Q046=\":443\"; ma=2592000,h3-Q043=\":443\"; ma=2592000,quic=\":443\"; ma=2592000; v=\"46,43\"","accept-ranges":"none","transfer-encoding":"chunked"}
[info] 
[info] === Deploying to 'spacex-41a5c'...
[info] 
[info] i  deploying hosting 
[debug] [2020-12-02T08:26:11.827Z] >>> HTTP REQUEST POST https://firebasehosting.googleapis.com/v1beta1/sites/spacex-41a5c/versions  
 {"config":{"rewrites":[{"glob":"**","path":"/index.html"}]},"labels":{"deployment-tool":"cli-firebase"}}
[debug] [2020-12-02T08:26:13.959Z] <<< HTTP RESPONSE 200 {"content-type":"application/json; charset=UTF-8","vary":"X-Origin, Referer, Origin,Accept-Encoding","date":"Wed, 02 Dec 2020 08:26:13 GMT","server":"ESF","cache-control":"private","x-xss-protection":"0","x-frame-options":"SAMEORIGIN","x-content-type-options":"nosniff","alt-svc":"h3-29=\":443\"; ma=2592000,h3-T051=\":443\"; ma=2592000,h3-Q050=\":443\"; ma=2592000,h3-Q046=\":443\"; ma=2592000,h3-Q043=\":443\"; ma=2592000,quic=\":443\"; ma=2592000; v=\"46,43\"","accept-ranges":"none","transfer-encoding":"chunked"}
[info] i  hosting[spacex-41a5c]: beginning deploy... 
[info] i  hosting[spacex-41a5c]: found 22 files in dist/SpaceXAssignment 
[debug] [2020-12-02T08:26:14.582Z] [hosting] hash cache [ZGlzdC9TcGFjZVhBc3NpZ25tZW50] stored for 22 files
[debug] [2020-12-02T08:26:14.582Z] [hosting][hash queue][FINAL] {"max":597,"min":19,"avg":112.81818181818181,"active":0,"complete":22,"success":22,"errored":0,"retried":0,"total":22,"elapsed":605}
[debug] [2020-12-02T08:26:14.582Z] >>> HTTP REQUEST POST https://firebasehosting.googleapis.com/v1beta1/sites/spacex-41a5c/versions/8d12871a3f0f1dce:populateFiles  
 <request body omitted>
[info] i  hosting: adding files to version [0/22] (0%) 
[debug] [2020-12-02T08:26:16.520Z] <<< HTTP RESPONSE 200 {"content-type":"application/json; charset=UTF-8","vary":"X-Origin, Referer, Origin,Accept-Encoding","date":"Wed, 02 Dec 2020 08:26:16 GMT","server":"ESF","cache-control":"private","x-xss-protection":"0","x-frame-options":"SAMEORIGIN","x-content-type-options":"nosniff","alt-svc":"h3-29=\":443\"; ma=2592000,h3-T051=\":443\"; ma=2592000,h3-Q050=\":443\"; ma=2592000,h3-Q046=\":443\"; ma=2592000,h3-Q043=\":443\"; ma=2592000,quic=\":443\"; ma=2592000; v=\"46,43\"","accept-ranges":"none","transfer-encoding":"chunked"}
[debug] [2020-12-02T08:26:16.523Z] [hosting][populate queue][FINAL] {"max":1940,"min":1940,"avg":1940,"active":0,"complete":1,"success":1,"errored":0,"retried":0,"total":1,"elapsed":1942}
[debug] [2020-12-02T08:26:16.523Z] [hosting] uploads queued: 4
[info] i  hosting: uploading new files [0/4] (0%) 
[debug] [2020-12-02T08:26:18.773Z] [hosting][upload queue][FINAL] {"max":2253,"min":1773,"avg":1922.5,"active":0,"complete":4,"success":4,"errored":0,"retried":0,"total":4,"elapsed":2253}
[info] ✔  hosting[spacex-41a5c]: file upload complete 
[debug] [2020-12-02T08:26:18.774Z] [hosting] deploy completed after 4814ms
[debug] [2020-12-02T08:26:18.899Z] [
  {
    "config": {
      "public": "dist/SpaceXAssignment",
      "ignore": [
        "firebase.json",
        "**/.*",
        "**/node_modules/**"
      ],
      "rewrites": [
        {
          "source": "**",
          "destination": "/index.html"
        }
      ],
      "site": "spacex-41a5c"
    },
    "site": "spacex-41a5c",
    "version": "sites/spacex-41a5c/versions/8d12871a3f0f1dce"
  }
]
[info] i  hosting[spacex-41a5c]: finalizing version... 
[debug] [2020-12-02T08:26:18.900Z] >>> HTTP REQUEST PATCH https://firebasehosting.googleapis.com/v1beta1/sites/spacex-41a5c/versions/8d12871a3f0f1dce?updateMask=status  
 {"status":"FINALIZED"}
[debug] [2020-12-02T08:26:20.500Z] <<< HTTP RESPONSE 200 {"content-type":"application/json; charset=UTF-8","vary":"X-Origin, Referer, Origin,Accept-Encoding","date":"Wed, 02 Dec 2020 08:26:20 GMT","server":"ESF","cache-control":"private","x-xss-protection":"0","x-frame-options":"SAMEORIGIN","x-content-type-options":"nosniff","alt-svc":"h3-29=\":443\"; ma=2592000,h3-T051=\":443\"; ma=2592000,h3-Q050=\":443\"; ma=2592000,h3-Q046=\":443\"; ma=2592000,h3-Q043=\":443\"; ma=2592000,quic=\":443\"; ma=2592000; v=\"46,43\"","accept-ranges":"none","transfer-encoding":"chunked"}
[debug] [2020-12-02T08:26:20.501Z] [hosting] finalized version for spacex-41a5c: {"name":"sites/spacex-41a5c/versions/8d12871a3f0f1dce","status":"FINALIZED","config":{"rewrites":[{"glob":"**","path":"/index.html"}]},"labels":{"deployment-tool":"cli-firebase"},"createTime":"2020-12-02T08:26:13.332434Z","createUser":{"email":"adarsh.pandey@thoughtworks.com"},"finalizeTime":"2020-12-02T08:26:20.362862Z","finalizeUser":{"email":"adarsh.pandey@thoughtworks.com"}}
[info] ✔  hosting[spacex-41a5c]: version finalized 
[info] i  hosting[spacex-41a5c]: releasing new version... 
[debug] [2020-12-02T08:26:20.502Z] >>> HTTP REQUEST POST https://firebasehosting.googleapis.com/v1beta1/sites/spacex-41a5c/releases?version_name=sites/spacex-41a5c/versions/8d12871a3f0f1dce  
 {"message":null}
[debug] [2020-12-02T08:26:22.161Z] <<< HTTP RESPONSE 200 {"content-type":"application/json; charset=UTF-8","vary":"X-Origin, Referer, Origin,Accept-Encoding","date":"Wed, 02 Dec 2020 08:26:22 GMT","server":"ESF","cache-control":"private","x-xss-protection":"0","x-frame-options":"SAMEORIGIN","x-content-type-options":"nosniff","alt-svc":"h3-29=\":443\"; ma=2592000,h3-T051=\":443\"; ma=2592000,h3-Q050=\":443\"; ma=2592000,h3-Q046=\":443\"; ma=2592000,h3-Q043=\":443\"; ma=2592000,quic=\":443\"; ma=2592000; v=\"46,43\"","accept-ranges":"none","transfer-encoding":"chunked"}
[debug] [2020-12-02T08:26:22.162Z] [hosting] release: {"name":"sites/spacex-41a5c/releases/1606897581384127","version":{"name":"sites/spacex-41a5c/versions/8d12871a3f0f1dce","status":"FINALIZED","config":{"rewrites":[{"glob":"**","path":"/index.html"}]},"labels":{"deployment-tool":"cli-firebase"},"createTime":"2020-12-02T08:26:13.332434Z","createUser":{"email":"adarsh.pandey@thoughtworks.com"},"finalizeTime":"2020-12-02T08:26:20.362862Z","finalizeUser":{"email":"adarsh.pandey@thoughtworks.com"},"preview":{}},"type":"DEPLOY","releaseTime":"2020-12-02T08:26:21.384127614Z","releaseUser":{"email":"adarsh.pandey@thoughtworks.com"}}
[info] ✔  hosting[spacex-41a5c]: release complete 
[info] 
[info] ✔  Deploy complete! 
[info] 
[info] Project Console: https://console.firebase.google.com/project/spacex-41a5c/overview
[info] Hosting URL: https://spacex-41a5c.web.app
